<?xml version="1.0" encoding="UTF-8"?>
<!-- Generated by org.testng.reporters.JUnitXMLReporter -->
<testsuite ignored="1" hostname="Dark-Saber" failures="0" tests="2" name="Default test" time="31.152" errors="0" timestamp="2025-10-12T07:22:46 IST">
  <testcase classname="MainFW.MainClass" name="SubmitOrder" time="8.824"/>
  <testcase classname="MainFW.MainClass" name="SubmitOrder" time="9.161"/>
  <testcase classname="MainFW.MainClass" name="checkOrder" time="0.0">
    <ignored/>
  </testcase> <!-- checkOrder -->
</testsuite> <!-- Default test -->
