<?xml version="1.0" encoding="UTF-8"?>
<!-- Generated by org.testng.reporters.JUnitXMLReporter -->
<testsuite ignored="1" hostname="Dark-Saber" failures="0" tests="2" name="Default test" time="76.641" errors="0" timestamp="2025-05-28T19:14:03 IST">
  <testcase classname="MainFW.MainClass" name="SubmitOrder" time="7.947"/>
  <testcase classname="MainFW.MainClass" name="SubmitOrder" time="45.762"/>
  <testcase classname="MainFW.MainClass" name="checkOrder" time="0.0">
    <ignored/>
  </testcase> <!-- checkOrder -->
</testsuite> <!-- Default test -->
