<?xml version="1.0" encoding="UTF-8"?>
<!-- Generated by org.testng.reporters.JUnitXMLReporter -->
<testsuite ignored="0" hostname="Dark-Saber" failures="1" tests="2" name="ErrorValidation" time="21.283" errors="0" timestamp="2025-02-04T09:38:40 IST">
  <testcase classname="MainFW.ErrorValidation" name="LoginErrorCheck" time="1.19">
    <failure type="java.lang.AssertionError" message="expected [Incorrect email or password.] but found [Incorrect email  password.]">
      <![CDATA[java.lang.AssertionError: expected [Incorrect email or password.] but found [Incorrect email  password.]
at MainFW.ErrorValidation.LoginErrorCheck(ErrorValidation.java:19)
at java.base/java.util.ArrayList.forEach(ArrayList.java:1597)
at java.base/java.util.concurrent.FutureTask.run(FutureTask.java:317)
at java.base/java.util.concurrent.ThreadPoolExecutor.runWorker(ThreadPoolExecutor.java:1144)
at java.base/java.util.concurrent.ThreadPoolExecutor$Worker.run(ThreadPoolExecutor.java:642)
at java.base/java.lang.Thread.run(Thread.java:1575)
... Removed 21 stack frames]]>
    </failure>
  </testcase> <!-- LoginErrorCheck -->
  <testcase classname="MainFW.ErrorValidation" name="ProductValidation" time="7.007"/>
</testsuite> <!-- ErrorValidation -->
