<?xml version="1.0" encoding="UTF-8"?>
<!-- Generated by org.testng.reporters.JUnitXMLReporter -->
<testsuite ignored="2" hostname="Dark-Saber" failures="0" tests="0" time="20.179" errors="0" timestamp="2025-01-28T08:58:45 IST">
  <testcase classname="MainFW.ErrorValidation" name="LoginErrorCheck" time="0.0">
    <ignored/>
  </testcase> <!-- LoginErrorCheck -->
  <testcase classname="MainFW.ErrorValidation" name="ProductValidation" time="0.0">
    <ignored/>
  </testcase> <!-- ProductValidation -->
</testsuite>
