<?xml version="1.0" encoding="UTF-8"?>
<!-- Generated by org.testng.reporters.JUnitXMLReporter -->
<testsuite ignored="1" hostname="Dark-Saber" failures="0" tests="2" name="SubmitOrder" time="55.205" errors="0" timestamp="2025-01-29T09:09:55 IST">
  <testcase classname="MainFW.MainClass" name="SubmitOrder" time="16.888"/>
  <testcase classname="MainFW.MainClass" name="SubmitOrder" time="15.608"/>
  <testcase classname="MainFW.MainClass" name="checkOrder" time="0.0">
    <ignored/>
  </testcase> <!-- checkOrder -->
</testsuite> <!-- SubmitOrder -->
