<?xml version="1.0" encoding="UTF-8"?>
<!-- Generated by org.testng.reporters.JUnitXMLReporter -->
<testsuite ignored="0" hostname="Dark-Saber" failures="0" tests="3" name="SubmitOrderTest" time="45.921" errors="0" timestamp="2025-02-14T09:22:26 IST">
  <testcase classname="MainFW.MainClass" name="SubmitOrder" time="15.61"/>
  <testcase classname="MainFW.MainClass" name="SubmitOrder" time="15.127"/>
  <testcase classname="MainFW.MainClass" name="checkOrder" time="1.078"/>
</testsuite> <!-- SubmitOrderTest -->
