<?xml version="1.0" encoding="UTF-8"?>
<!-- Generated by org.testng.reporters.JUnitXMLReporter -->
<testsuite ignored="0" hostname="Dark-Saber" failures="0" tests="3" name="SubmitOrderTest" time="46.628" errors="0" timestamp="2025-02-07T09:43:26 IST">
  <testcase classname="MainFW.MainClass" name="SubmitOrder" time="15.883"/>
  <testcase classname="MainFW.MainClass" name="SubmitOrder" time="15.058"/>
  <testcase classname="MainFW.MainClass" name="checkOrder" time="1.172"/>
</testsuite> <!-- SubmitOrderTest -->
