<?xml version="1.0" encoding="UTF-8"?>
<!-- Generated by org.testng.reporters.JUnitXMLReporter -->
<testsuite ignored="0" hostname="Dark-Saber" failures="0" tests="3" name="SubmitOrder" time="56.345" errors="0" timestamp="2025-02-04T09:39:14 IST">
  <testcase classname="MainFW.MainClass" name="SubmitOrder" time="15.882"/>
  <testcase classname="MainFW.MainClass" name="SubmitOrder" time="15.157"/>
  <testcase classname="MainFW.MainClass" name="checkOrder" time="1.016"/>
</testsuite> <!-- SubmitOrder -->
