<?xml version="1.0" encoding="UTF-8"?>
<testng-results ignored="0" total="2" passed="2" failed="0" skipped="0">
  <reporter-output>
  </reporter-output>
  <suite started-at="2025-04-18T20:46:15 IST" name="Default suite" finished-at="2025-04-18T20:46:52 IST" duration-ms="37672">
    <groups>
      <group name="purchase">
        <method signature="MainClass.SubmitOrder(java.util.HashMap)[pri:0, instance:MainFW.MainClass@7ce026d3]" name="SubmitOrder" class="MainFW.MainClass"/>
      </group> <!-- purchase -->
    </groups>
    <test started-at="2025-04-18T20:46:15 IST" name="Default test" finished-at="2025-04-18T20:46:52 IST" duration-ms="37672">
      <class name="MainFW.MainClass">
        <test-method is-config="true" signature="LaunchApp()[pri:0, instance:MainFW.MainClass@7ce026d3]" started-at="2025-04-18T20:46:15 IST" name="LaunchApp" finished-at="2025-04-18T20:46:21 IST" duration-ms="6109" status="PASS">
          <reporter-output>
          </reporter-output>
        </test-method> <!-- LaunchApp -->
        <test-method signature="SubmitOrder(java.util.HashMap)[pri:0, instance:MainFW.MainClass@7ce026d3]" started-at="2025-04-18T20:46:21 IST" name="SubmitOrder" data-provider="getData" finished-at="2025-04-18T20:46:29 IST" duration-ms="7662" status="PASS">
          <params>
            <param index="0">
              <value>
                <![CDATA[{Product=ADIDAS ORIGINAL, Email=Deshmukh@yopmail.com, Password=Deshmukh@123}]]>
              </value>
            </param>
          </params>
          <reporter-output>
          </reporter-output>
        </test-method> <!-- SubmitOrder -->
        <test-method is-config="true" signature="tearDown()[pri:0, instance:MainFW.MainClass@7ce026d3]" started-at="2025-04-18T20:46:29 IST" name="tearDown" finished-at="2025-04-18T20:46:29 IST" duration-ms="171" status="PASS">
          <reporter-output>
          </reporter-output>
        </test-method> <!-- tearDown -->
        <test-method is-config="true" signature="LaunchApp()[pri:0, instance:MainFW.MainClass@7ce026d3]" started-at="2025-04-18T20:46:29 IST" name="LaunchApp" finished-at="2025-04-18T20:46:35 IST" duration-ms="5561" status="PASS">
          <reporter-output>
          </reporter-output>
        </test-method> <!-- LaunchApp -->
        <test-method signature="SubmitOrder(java.util.HashMap)[pri:0, instance:MainFW.MainClass@7ce026d3]" started-at="2025-04-18T20:46:35 IST" name="SubmitOrder" data-provider="getData" finished-at="2025-04-18T20:46:52 IST" duration-ms="17381" status="PASS">
          <params>
            <param index="0">
              <value>
                <![CDATA[{Product=IPHONE 13 PRO, Email=Shivam@yopmail.com, Password=Shivam@123}]]>
              </value>
            </param>
          </params>
          <reporter-output>
          </reporter-output>
        </test-method> <!-- SubmitOrder -->
        <test-method is-config="true" signature="tearDown()[pri:0, instance:MainFW.MainClass@7ce026d3]" started-at="2025-04-18T20:46:52 IST" name="tearDown" finished-at="2025-04-18T20:46:52 IST" duration-ms="260" status="PASS">
          <reporter-output>
          </reporter-output>
        </test-method> <!-- tearDown -->
      </class> <!-- MainFW.MainClass -->
    </test> <!-- Default test -->
  </suite> <!-- Default suite -->
</testng-results>
